<testsuites id="" name="" tests="120" failures="95" skipped="0" errors="0" time="729.698838">
<testsuite name="analytics-dashboard.spec.js" timestamp="2025-07-12T13:07:47.996Z" hostname="chromium" tests="11" failures="11" skipped="0" time="200.402" errors="0">
<testcase name="Analytics Dashboard › should navigate to analytics dashboard" classname="analytics-dashboard.spec.js" time="12.833">
<failure message="analytics-dashboard.spec.js:13:3 should navigate to analytics dashboard" type="FAILURE">
<![CDATA[  [chromium] › analytics-dashboard.spec.js:13:3 › Analytics Dashboard › should navigate to analytics dashboard 

    Error: Timed out 10000ms waiting for expect(page).toHaveURL(expected)

    Expected pattern: /.*analytics/
    Received string:  "http://localhost:3002/login"
    Call log:
      - Expect "toHaveURL" with timeout 10000ms
        13 × unexpected value "http://localhost:3002/login"


      14 |     // Navigate to analytics via direct URL first to test component rendering
      15 |     await page.goto('http://localhost:3002/analytics');
    > 16 |     await expect(page).toHaveURL(/.*analytics/);
         |                        ^
      17 |     await expect(page.locator('[data-testid="analytics-dashboard"]')).toBeVisible();
      18 |     
      19 |     // Now test link navigation from dashboard
        at D:\MainBranch\frontend-app\e2e\tests\analytics-dashboard.spec.js:16:24

    attachment #1: screenshot (image/png) ──────────────────────────────────────────────────────────
    ..\..\test-results\analytics-dashboard-Analyt-18072-gate-to-analytics-dashboard-chromium\test-failed-1.png
    ────────────────────────────────────────────────────────────────────────────────────────────────

    attachment #2: video (video/webm) ──────────────────────────────────────────────────────────────
    ..\..\test-results\analytics-dashboard-Analyt-18072-gate-to-analytics-dashboard-chromium\video.webm
    ────────────────────────────────────────────────────────────────────────────────────────────────

    Error Context: ..\..\test-results\analytics-dashboard-Analyt-18072-gate-to-analytics-dashboard-chromium\error-context.md
]]>
</failure>
<system-out>
<![CDATA[
[[ATTACHMENT|..\..\test-results\analytics-dashboard-Analyt-18072-gate-to-analytics-dashboard-chromium\test-failed-1.png]]

[[ATTACHMENT|..\..\test-results\analytics-dashboard-Analyt-18072-gate-to-analytics-dashboard-chromium\video.webm]]

[[ATTACHMENT|..\..\test-results\analytics-dashboard-Analyt-18072-gate-to-analytics-dashboard-chromium\error-context.md]]
]]>
</system-out>
</testcase>
<testcase name="Analytics Dashboard › should display key metrics cards" classname="analytics-dashboard.spec.js" time="12.438">
<failure message="analytics-dashboard.spec.js:32:3 should display key metrics cards" type="FAILURE">
<![CDATA[  [chromium] › analytics-dashboard.spec.js:32:3 › Analytics Dashboard › should display key metrics cards 

    Error: Timed out 10000ms waiting for expect(locator).toBeVisible()

    Locator: locator('[data-testid="revenue-metric"]')
    Expected: visible
    Received: <element(s) not found>
    Call log:
      - Expect "toBeVisible" with timeout 10000ms
      - waiting for locator('[data-testid="revenue-metric"]')


      34 |     
      35 |     // Verify key metrics are displayed
    > 36 |     await expect(page.locator('[data-testid="revenue-metric"]')).toBeVisible();
         |                                                                  ^
      37 |     await expect(page.locator('[data-testid="transactions-metric"]')).toBeVisible();
      38 |     await expect(page.locator('[data-testid="accuracy-metric"]')).toBeVisible();
      39 |     await expect(page.locator('[data-testid="savings-metric"]')).toBeVisible();
        at D:\MainBranch\frontend-app\e2e\tests\analytics-dashboard.spec.js:36:66

    attachment #1: screenshot (image/png) ──────────────────────────────────────────────────────────
    ..\..\test-results\analytics-dashboard-Analyt-d2ef0-d-display-key-metrics-cards-chromium\test-failed-1.png
    ────────────────────────────────────────────────────────────────────────────────────────────────

    attachment #2: video (video/webm) ──────────────────────────────────────────────────────────────
    ..\..\test-results\analytics-dashboard-Analyt-d2ef0-d-display-key-metrics-cards-chromium\video.webm
    ────────────────────────────────────────────────────────────────────────────────────────────────

    Error Context: ..\..\test-results\analytics-dashboard-Analyt-d2ef0-d-display-key-metrics-cards-chromium\error-context.md
]]>
</failure>
<system-out>
<![CDATA[
[[ATTACHMENT|..\..\test-results\analytics-dashboard-Analyt-d2ef0-d-display-key-metrics-cards-chromium\test-failed-1.png]]

[[ATTACHMENT|..\..\test-results\analytics-dashboard-Analyt-d2ef0-d-display-key-metrics-cards-chromium\video.webm]]

[[ATTACHMENT|..\..\test-results\analytics-dashboard-Analyt-d2ef0-d-display-key-metrics-cards-chromium\error-context.md]]
]]>
</system-out>
</testcase>
<testcase name="Analytics Dashboard › should display revenue chart" classname="analytics-dashboard.spec.js" time="12.91">
<failure message="analytics-dashboard.spec.js:42:3 should display revenue chart" type="FAILURE">
<![CDATA[  [chromium] › analytics-dashboard.spec.js:42:3 › Analytics Dashboard › should display revenue chart 

    Error: Timed out 10000ms waiting for expect(locator).toBeVisible()

    Locator: locator('[data-testid="revenue-chart"]')
    Expected: visible
    Received: <element(s) not found>
    Call log:
      - Expect "toBeVisible" with timeout 10000ms
      - waiting for locator('[data-testid="revenue-chart"]')


      44 |     
      45 |     // Verify revenue chart is present
    > 46 |     await expect(page.locator('[data-testid="revenue-chart"]')).toBeVisible();
         |                                                                 ^
      47 |     await expect(page.locator('[data-testid="chart-container"]')).toBeVisible();
      48 |   });
      49 |
        at D:\MainBranch\frontend-app\e2e\tests\analytics-dashboard.spec.js:46:65

    attachment #1: screenshot (image/png) ──────────────────────────────────────────────────────────
    ..\..\test-results\analytics-dashboard-Analyt-89254-hould-display-revenue-chart-chromium\test-failed-1.png
    ────────────────────────────────────────────────────────────────────────────────────────────────

    attachment #2: video (video/webm) ──────────────────────────────────────────────────────────────
    ..\..\test-results\analytics-dashboard-Analyt-89254-hould-display-revenue-chart-chromium\video.webm
    ────────────────────────────────────────────────────────────────────────────────────────────────

    Error Context: ..\..\test-results\analytics-dashboard-Analyt-89254-hould-display-revenue-chart-chromium\error-context.md
]]>
</failure>
<system-out>
<![CDATA[
[[ATTACHMENT|..\..\test-results\analytics-dashboard-Analyt-89254-hould-display-revenue-chart-chromium\test-failed-1.png]]

[[ATTACHMENT|..\..\test-results\analytics-dashboard-Analyt-89254-hould-display-revenue-chart-chromium\video.webm]]

[[ATTACHMENT|..\..\test-results\analytics-dashboard-Analyt-89254-hould-display-revenue-chart-chromium\error-context.md]]
]]>
</system-out>
</testcase>
<testcase name="Analytics Dashboard › should display transaction volume chart" classname="analytics-dashboard.spec.js" time="12.602">
<failure message="analytics-dashboard.spec.js:50:3 should display transaction volume chart" type="FAILURE">
<![CDATA[  [chromium] › analytics-dashboard.spec.js:50:3 › Analytics Dashboard › should display transaction volume chart 

    Error: Timed out 10000ms waiting for expect(locator).toBeVisible()

    Locator: locator('[data-testid="transaction-volume-chart"]')
    Expected: visible
    Received: <element(s) not found>
    Call log:
      - Expect "toBeVisible" with timeout 10000ms
      - waiting for locator('[data-testid="transaction-volume-chart"]')


      52 |     
      53 |     // Verify transaction volume chart
    > 54 |     await expect(page.locator('[data-testid="transaction-volume-chart"]')).toBeVisible();
         |                                                                            ^
      55 |   });
      56 |
      57 |   test('should display accuracy trends chart', async ({ page }) => {
        at D:\MainBranch\frontend-app\e2e\tests\analytics-dashboard.spec.js:54:76

    attachment #1: screenshot (image/png) ──────────────────────────────────────────────────────────
    ..\..\test-results\analytics-dashboard-Analyt-2cbf3-ay-transaction-volume-chart-chromium\test-failed-1.png
    ────────────────────────────────────────────────────────────────────────────────────────────────

    attachment #2: video (video/webm) ──────────────────────────────────────────────────────────────
    ..\..\test-results\analytics-dashboard-Analyt-2cbf3-ay-transaction-volume-chart-chromium\video.webm
    ────────────────────────────────────────────────────────────────────────────────────────────────

    Error Context: ..\..\test-results\analytics-dashboard-Analyt-2cbf3-ay-transaction-volume-chart-chromium\error-context.md
]]>
</failure>
<system-out>
<![CDATA[
[[ATTACHMENT|..\..\test-results\analytics-dashboard-Analyt-2cbf3-ay-transaction-volume-chart-chromium\test-failed-1.png]]

[[ATTACHMENT|..\..\test-results\analytics-dashboard-Analyt-2cbf3-ay-transaction-volume-chart-chromium\video.webm]]

[[ATTACHMENT|..\..\test-results\analytics-dashboard-Analyt-2cbf3-ay-transaction-volume-chart-chromium\error-context.md]]
]]>
</system-out>
</testcase>
<testcase name="Analytics Dashboard › should display accuracy trends chart" classname="analytics-dashboard.spec.js" time="13.104">
<failure message="analytics-dashboard.spec.js:57:3 should display accuracy trends chart" type="FAILURE">
<![CDATA[  [chromium] › analytics-dashboard.spec.js:57:3 › Analytics Dashboard › should display accuracy trends chart 

    Error: Timed out 10000ms waiting for expect(locator).toBeVisible()

    Locator: locator('[data-testid="accuracy-trends-chart"]')
    Expected: visible
    Received: <element(s) not found>
    Call log:
      - Expect "toBeVisible" with timeout 10000ms
      - waiting for locator('[data-testid="accuracy-trends-chart"]')


      59 |     
      60 |     // Verify accuracy trends chart
    > 61 |     await expect(page.locator('[data-testid="accuracy-trends-chart"]')).toBeVisible();
         |                                                                         ^
      62 |   });
      63 |
      64 |   test('should allow date range filtering', async ({ page }) => {
        at D:\MainBranch\frontend-app\e2e\tests\analytics-dashboard.spec.js:61:73

    attachment #1: screenshot (image/png) ──────────────────────────────────────────────────────────
    ..\..\test-results\analytics-dashboard-Analyt-ec6b4-splay-accuracy-trends-chart-chromium\test-failed-1.png
    ────────────────────────────────────────────────────────────────────────────────────────────────

    attachment #2: video (video/webm) ──────────────────────────────────────────────────────────────
    ..\..\test-results\analytics-dashboard-Analyt-ec6b4-splay-accuracy-trends-chart-chromium\video.webm
    ────────────────────────────────────────────────────────────────────────────────────────────────

    Error Context: ..\..\test-results\analytics-dashboard-Analyt-ec6b4-splay-accuracy-trends-chart-chromium\error-context.md
]]>
</failure>
<system-out>
<![CDATA[
[[ATTACHMENT|..\..\test-results\analytics-dashboard-Analyt-ec6b4-splay-accuracy-trends-chart-chromium\test-failed-1.png]]

[[ATTACHMENT|..\..\test-results\analytics-dashboard-Analyt-ec6b4-splay-accuracy-trends-chart-chromium\video.webm]]

[[ATTACHMENT|..\..\test-results\analytics-dashboard-Analyt-ec6b4-splay-accuracy-trends-chart-chromium\error-context.md]]
]]>
</system-out>
</testcase>
<testcase name="Analytics Dashboard › should allow date range filtering" classname="analytics-dashboard.spec.js" time="32.959">
<failure message="analytics-dashboard.spec.js:64:3 should allow date range filtering" type="FAILURE">
<![CDATA[  [chromium] › analytics-dashboard.spec.js:64:3 › Analytics Dashboard › should allow date range filtering 

    Test timeout of 30000ms exceeded.

    Error: page.click: Test timeout of 30000ms exceeded.
    Call log:
      - waiting for locator('[data-testid="date-range-picker"]')


      66 |     
      67 |     // Click on date range picker
    > 68 |     await page.click('[data-testid="date-range-picker"]');
         |                ^
      69 |     
      70 |     // Select a date range
      71 |     await page.click('[data-testid="date-range-30-days"]');
        at D:\MainBranch\frontend-app\e2e\tests\analytics-dashboard.spec.js:68:16

    attachment #1: screenshot (image/png) ──────────────────────────────────────────────────────────
    ..\..\test-results\analytics-dashboard-Analyt-63824--allow-date-range-filtering-chromium\test-failed-1.png
    ────────────────────────────────────────────────────────────────────────────────────────────────

    attachment #2: video (video/webm) ──────────────────────────────────────────────────────────────
    ..\..\test-results\analytics-dashboard-Analyt-63824--allow-date-range-filtering-chromium\video.webm
    ────────────────────────────────────────────────────────────────────────────────────────────────

    Error Context: ..\..\test-results\analytics-dashboard-Analyt-63824--allow-date-range-filtering-chromium\error-context.md
]]>
</failure>
<system-out>
<![CDATA[
[[ATTACHMENT|..\..\test-results\analytics-dashboard-Analyt-63824--allow-date-range-filtering-chromium\test-failed-1.png]]

[[ATTACHMENT|..\..\test-results\analytics-dashboard-Analyt-63824--allow-date-range-filtering-chromium\video.webm]]

[[ATTACHMENT|..\..\test-results\analytics-dashboard-Analyt-63824--allow-date-range-filtering-chromium\error-context.md]]
]]>
</system-out>
</testcase>
<testcase name="Analytics Dashboard › should display reconciliation performance metrics" classname="analytics-dashboard.spec.js" time="12.267">
<failure message="analytics-dashboard.spec.js:77:3 should display reconciliation performance metrics" type="FAILURE">
<![CDATA[  [chromium] › analytics-dashboard.spec.js:77:3 › Analytics Dashboard › should display reconciliation performance metrics 

    Error: Timed out 10000ms waiting for expect(locator).toBeVisible()

    Locator: locator('[data-testid="performance-metrics"]')
    Expected: visible
    Received: <element(s) not found>
    Call log:
      - Expect "toBeVisible" with timeout 10000ms
      - waiting for locator('[data-testid="performance-metrics"]')


      79 |     
      80 |     // Verify performance metrics section
    > 81 |     await expect(page.locator('[data-testid="performance-metrics"]')).toBeVisible();
         |                                                                       ^
      82 |     await expect(page.locator('[data-testid="processing-time"]')).toBeVisible();
      83 |     await expect(page.locator('[data-testid="success-rate"]')).toBeVisible();
      84 |   });
        at D:\MainBranch\frontend-app\e2e\tests\analytics-dashboard.spec.js:81:71

    attachment #1: screenshot (image/png) ──────────────────────────────────────────────────────────
    ..\..\test-results\analytics-dashboard-Analyt-aee05-liation-performance-metrics-chromium\test-failed-1.png
    ────────────────────────────────────────────────────────────────────────────────────────────────

    attachment #2: video (video/webm) ──────────────────────────────────────────────────────────────
    ..\..\test-results\analytics-dashboard-Analyt-aee05-liation-performance-metrics-chromium\video.webm
    ────────────────────────────────────────────────────────────────────────────────────────────────

    Error Context: ..\..\test-results\analytics-dashboard-Analyt-aee05-liation-performance-metrics-chromium\error-context.md
]]>
</failure>
<system-out>
<![CDATA[
[[ATTACHMENT|..\..\test-results\analytics-dashboard-Analyt-aee05-liation-performance-metrics-chromium\test-failed-1.png]]

[[ATTACHMENT|..\..\test-results\analytics-dashboard-Analyt-aee05-liation-performance-metrics-chromium\video.webm]]

[[ATTACHMENT|..\..\test-results\analytics-dashboard-Analyt-aee05-liation-performance-metrics-chromium\error-context.md]]
]]>
</system-out>
</testcase>
<testcase name="Analytics Dashboard › should allow export of analytics data" classname="analytics-dashboard.spec.js" time="32.85">
<failure message="analytics-dashboard.spec.js:86:3 should allow export of analytics data" type="FAILURE">
<![CDATA[  [chromium] › analytics-dashboard.spec.js:86:3 › Analytics Dashboard › should allow export of analytics data 

    Test timeout of 30000ms exceeded.

    Error: page.click: Test timeout of 30000ms exceeded.
    Call log:
      - waiting for locator('[data-testid="export-analytics"]')


      88 |     
      89 |     // Click export button
    > 90 |     await page.click('[data-testid="export-analytics"]');
         |                ^
      91 |     
      92 |     // Verify export options
      93 |     await expect(page.locator('[data-testid="export-options"]')).toBeVisible();
        at D:\MainBranch\frontend-app\e2e\tests\analytics-dashboard.spec.js:90:16

    attachment #1: screenshot (image/png) ──────────────────────────────────────────────────────────
    ..\..\test-results\analytics-dashboard-Analyt-80e4c-ow-export-of-analytics-data-chromium\test-failed-1.png
    ────────────────────────────────────────────────────────────────────────────────────────────────

    attachment #2: video (video/webm) ──────────────────────────────────────────────────────────────
    ..\..\test-results\analytics-dashboard-Analyt-80e4c-ow-export-of-analytics-data-chromium\video.webm
    ────────────────────────────────────────────────────────────────────────────────────────────────

    Error Context: ..\..\test-results\analytics-dashboard-Analyt-80e4c-ow-export-of-analytics-data-chromium\error-context.md
]]>
</failure>
<system-out>
<![CDATA[
[[ATTACHMENT|..\..\test-results\analytics-dashboard-Analyt-80e4c-ow-export-of-analytics-data-chromium\test-failed-1.png]]

[[ATTACHMENT|..\..\test-results\analytics-dashboard-Analyt-80e4c-ow-export-of-analytics-data-chromium\video.webm]]

[[ATTACHMENT|..\..\test-results\analytics-dashboard-Analyt-80e4c-ow-export-of-analytics-data-chromium\error-context.md]]
]]>
</system-out>
</testcase>
<testcase name="Analytics Dashboard › should display anomaly detection alerts" classname="analytics-dashboard.spec.js" time="12.815">
<failure message="analytics-dashboard.spec.js:96:3 should display anomaly detection alerts" type="FAILURE">
<![CDATA[  [chromium] › analytics-dashboard.spec.js:96:3 › Analytics Dashboard › should display anomaly detection alerts 

    Error: Timed out 10000ms waiting for expect(locator).toBeVisible()

    Locator: locator('[data-testid="anomaly-alerts"]')
    Expected: visible
    Received: <element(s) not found>
    Call log:
      - Expect "toBeVisible" with timeout 10000ms
      - waiting for locator('[data-testid="anomaly-alerts"]')


       98 |     
       99 |     // Verify anomaly alerts section
    > 100 |     await expect(page.locator('[data-testid="anomaly-alerts"]')).toBeVisible();
          |                                                                  ^
      101 |   });
      102 |
      103 |   test('should allow drill-down into specific metrics', async ({ page }) => {
        at D:\MainBranch\frontend-app\e2e\tests\analytics-dashboard.spec.js:100:66

    attachment #1: screenshot (image/png) ──────────────────────────────────────────────────────────
    ..\..\test-results\analytics-dashboard-Analyt-97d36-ay-anomaly-detection-alerts-chromium\test-failed-1.png
    ────────────────────────────────────────────────────────────────────────────────────────────────

    attachment #2: video (video/webm) ──────────────────────────────────────────────────────────────
    ..\..\test-results\analytics-dashboard-Analyt-97d36-ay-anomaly-detection-alerts-chromium\video.webm
    ────────────────────────────────────────────────────────────────────────────────────────────────

    Error Context: ..\..\test-results\analytics-dashboard-Analyt-97d36-ay-anomaly-detection-alerts-chromium\error-context.md
]]>
</failure>
<system-out>
<![CDATA[
[[ATTACHMENT|..\..\test-results\analytics-dashboard-Analyt-97d36-ay-anomaly-detection-alerts-chromium\test-failed-1.png]]

[[ATTACHMENT|..\..\test-results\analytics-dashboard-Analyt-97d36-ay-anomaly-detection-alerts-chromium\video.webm]]

[[ATTACHMENT|..\..\test-results\analytics-dashboard-Analyt-97d36-ay-anomaly-detection-alerts-chromium\error-context.md]]
]]>
</system-out>
</testcase>
<testcase name="Analytics Dashboard › should allow drill-down into specific metrics" classname="analytics-dashboard.spec.js" time="33.444">
<failure message="analytics-dashboard.spec.js:103:3 should allow drill-down into specific metrics" type="FAILURE">
<![CDATA[  [chromium] › analytics-dashboard.spec.js:103:3 › Analytics Dashboard › should allow drill-down into specific metrics 

    Test timeout of 30000ms exceeded.

    Error: page.click: Test timeout of 30000ms exceeded.
    Call log:
      - waiting for locator('[data-testid="revenue-metric"]')


      105 |     
      106 |     // Click on a metric card
    > 107 |     await page.click('[data-testid="revenue-metric"]');
          |                ^
      108 |     
      109 |     // Verify detailed view opens
      110 |     await expect(page.locator('[data-testid="metric-detail-view"]')).toBeVisible();
        at D:\MainBranch\frontend-app\e2e\tests\analytics-dashboard.spec.js:107:16

    attachment #1: screenshot (image/png) ──────────────────────────────────────────────────────────
    ..\..\test-results\analytics-dashboard-Analyt-20f4d--down-into-specific-metrics-chromium\test-failed-1.png
    ────────────────────────────────────────────────────────────────────────────────────────────────

    attachment #2: video (video/webm) ──────────────────────────────────────────────────────────────
    ..\..\test-results\analytics-dashboard-Analyt-20f4d--down-into-specific-metrics-chromium\video.webm
    ────────────────────────────────────────────────────────────────────────────────────────────────

    Error Context: ..\..\test-results\analytics-dashboard-Analyt-20f4d--down-into-specific-metrics-chromium\error-context.md
]]>
</failure>
<system-out>
<![CDATA[
[[ATTACHMENT|..\..\test-results\analytics-dashboard-Analyt-20f4d--down-into-specific-metrics-chromium\test-failed-1.png]]

[[ATTACHMENT|..\..\test-results\analytics-dashboard-Analyt-20f4d--down-into-specific-metrics-chromium\video.webm]]

[[ATTACHMENT|..\..\test-results\analytics-dashboard-Analyt-20f4d--down-into-specific-metrics-chromium\error-context.md]]
]]>
</system-out>
</testcase>
<testcase name="Analytics Dashboard › should display predictive analytics insights" classname="analytics-dashboard.spec.js" time="12.18">
<failure message="analytics-dashboard.spec.js:113:3 should display predictive analytics insights" type="FAILURE">
<![CDATA[  [chromium] › analytics-dashboard.spec.js:113:3 › Analytics Dashboard › should display predictive analytics insights 

    Error: Timed out 10000ms waiting for expect(locator).toBeVisible()

    Locator: locator('[data-testid="predictive-insights"]')
    Expected: visible
    Received: <element(s) not found>
    Call log:
      - Expect "toBeVisible" with timeout 10000ms
      - waiting for locator('[data-testid="predictive-insights"]')


      115 |     
      116 |     // Verify predictive insights section
    > 117 |     await expect(page.locator('[data-testid="predictive-insights"]')).toBeVisible();
          |                                                                       ^
      118 |     await expect(page.locator('[data-testid="forecast-chart"]')).toBeVisible();
      119 |   });
      120 | }); 
        at D:\MainBranch\frontend-app\e2e\tests\analytics-dashboard.spec.js:117:71

    attachment #1: screenshot (image/png) ──────────────────────────────────────────────────────────
    ..\..\test-results\analytics-dashboard-Analyt-13f93-edictive-analytics-insights-chromium\test-failed-1.png
    ────────────────────────────────────────────────────────────────────────────────────────────────

    attachment #2: video (video/webm) ──────────────────────────────────────────────────────────────
    ..\..\test-results\analytics-dashboard-Analyt-13f93-edictive-analytics-insights-chromium\video.webm
    ────────────────────────────────────────────────────────────────────────────────────────────────

    Error Context: ..\..\test-results\analytics-dashboard-Analyt-13f93-edictive-analytics-insights-chromium\error-context.md
]]>
</failure>
<system-out>
<![CDATA[
[[ATTACHMENT|..\..\test-results\analytics-dashboard-Analyt-13f93-edictive-analytics-insights-chromium\test-failed-1.png]]

[[ATTACHMENT|..\..\test-results\analytics-dashboard-Analyt-13f93-edictive-analytics-insights-chromium\video.webm]]

[[ATTACHMENT|..\..\test-results\analytics-dashboard-Analyt-13f93-edictive-analytics-insights-chromium\error-context.md]]
]]>
</system-out>
</testcase>
</testsuite>
<testsuite name="auth-flow.spec.js" timestamp="2025-07-12T13:07:47.996Z" hostname="chromium" tests="5" failures="0" skipped="0" time="4.175" errors="0">
<testcase name="Authentication Flow › should display login form on homepage" classname="auth-flow.spec.js" time="0.69">
</testcase>
<testcase name="Authentication Flow › should show validation errors for invalid login" classname="auth-flow.spec.js" time="0.956">
</testcase>
<testcase name="Authentication Flow › should successfully login with valid credentials" classname="auth-flow.spec.js" time="0.908">
</testcase>
<testcase name="Authentication Flow › should redirect to login when accessing protected route without auth" classname="auth-flow.spec.js" time="0.749">
</testcase>
<testcase name="Authentication Flow › should logout successfully" classname="auth-flow.spec.js" time="0.872">
</testcase>
</testsuite>
<testsuite name="reconciliation-flow.spec.js" timestamp="2025-07-12T13:07:47.996Z" hostname="chromium" tests="8" failures="8" skipped="0" time="203.379" errors="0">
<testcase name="Reconciliation Flow › should navigate to reconciliation page" classname="reconciliation-flow.spec.js" time="12.356">
<failure message="reconciliation-flow.spec.js:19:3 should navigate to reconciliation page" type="FAILURE">
<![CDATA[  [chromium] › reconciliation-flow.spec.js:19:3 › Reconciliation Flow › should navigate to reconciliation page 

    Error: Timed out 10000ms waiting for expect(page).toHaveURL(expected)

    Expected pattern: /.*reconciliation/
    Received string:  "http://localhost:3002/dashboard"
    Call log:
      - Expect "toHaveURL" with timeout 10000ms
        13 × unexpected value "http://localhost:3002/dashboard"


      20 |     // Navigate to reconciliation
      21 |     await page.click('[data-testid="nav-reconciliation"]');
    > 22 |     await expect(page).toHaveURL(/.*reconciliation/);
         |                        ^
      23 |     await expect(page.locator('[data-testid="reconciliation-page"]')).toBeVisible();
      24 |   });
      25 |
        at D:\MainBranch\frontend-app\e2e\tests\reconciliation-flow.spec.js:22:24

    attachment #1: screenshot (image/png) ──────────────────────────────────────────────────────────
    ..\..\test-results\reconciliation-flow-Reconc-85607-gate-to-reconciliation-page-chromium\test-failed-1.png
    ────────────────────────────────────────────────────────────────────────────────────────────────

    attachment #2: video (video/webm) ──────────────────────────────────────────────────────────────
    ..\..\test-results\reconciliation-flow-Reconc-85607-gate-to-reconciliation-page-chromium\video.webm
    ────────────────────────────────────────────────────────────────────────────────────────────────

    Error Context: ..\..\test-results\reconciliation-flow-Reconc-85607-gate-to-reconciliation-page-chromium\error-context.md
]]>
</failure>
<system-out>
<![CDATA[
[[ATTACHMENT|..\..\test-results\reconciliation-flow-Reconc-85607-gate-to-reconciliation-page-chromium\test-failed-1.png]]

[[ATTACHMENT|..\..\test-results\reconciliation-flow-Reconc-85607-gate-to-reconciliation-page-chromium\video.webm]]

[[ATTACHMENT|..\..\test-results\reconciliation-flow-Reconc-85607-gate-to-reconciliation-page-chromium\error-context.md]]
]]>
</system-out>
</testcase>
<testcase name="Reconciliation Flow › should display file upload interface" classname="reconciliation-flow.spec.js" time="12.489">
<failure message="reconciliation-flow.spec.js:26:3 should display file upload interface" type="FAILURE">
<![CDATA[  [chromium] › reconciliation-flow.spec.js:26:3 › Reconciliation Flow › should display file upload interface 

    Error: Timed out 10000ms waiting for expect(locator).toBeVisible()

    Locator: locator('[data-testid="file-upload-area"]')
    Expected: visible
    Received: <element(s) not found>
    Call log:
      - Expect "toBeVisible" with timeout 10000ms
      - waiting for locator('[data-testid="file-upload-area"]')


      28 |     
      29 |     // Verify upload interface is visible
    > 30 |     await expect(page.locator('[data-testid="file-upload-area"]')).toBeVisible();
         |                                                                    ^
      31 |     await expect(page.locator('[data-testid="upload-button"]')).toBeVisible();
      32 |     await expect(page.locator('[data-testid="supported-formats"]')).toBeVisible();
      33 |   });
        at D:\MainBranch\frontend-app\e2e\tests\reconciliation-flow.spec.js:30:68

    attachment #1: screenshot (image/png) ──────────────────────────────────────────────────────────
    ..\..\test-results\reconciliation-flow-Reconc-6a67a-splay-file-upload-interface-chromium\test-failed-1.png
    ────────────────────────────────────────────────────────────────────────────────────────────────

    attachment #2: video (video/webm) ──────────────────────────────────────────────────────────────
    ..\..\test-results\reconciliation-flow-Reconc-6a67a-splay-file-upload-interface-chromium\video.webm
    ────────────────────────────────────────────────────────────────────────────────────────────────

    Error Context: ..\..\test-results\reconciliation-flow-Reconc-6a67a-splay-file-upload-interface-chromium\error-context.md
]]>
</failure>
<system-out>
<![CDATA[
[[ATTACHMENT|..\..\test-results\reconciliation-flow-Reconc-6a67a-splay-file-upload-interface-chromium\test-failed-1.png]]

[[ATTACHMENT|..\..\test-results\reconciliation-flow-Reconc-6a67a-splay-file-upload-interface-chromium\video.webm]]

[[ATTACHMENT|..\..\test-results\reconciliation-flow-Reconc-6a67a-splay-file-upload-interface-chromium\error-context.md]]
]]>
</system-out>
</testcase>
<testcase name="Reconciliation Flow › should upload CSV file successfully" classname="reconciliation-flow.spec.js" time="33.044">
<failure message="reconciliation-flow.spec.js:35:3 should upload CSV file successfully" type="FAILURE">
<![CDATA[  [chromium] › reconciliation-flow.spec.js:35:3 › Reconciliation Flow › should upload CSV file successfully 

    Test timeout of 30000ms exceeded.

    Error: page.setInputFiles: Test timeout of 30000ms exceeded.
    Call log:
      - waiting for locator('[data-testid="file-input"]')


      38 |     // Upload test CSV file
      39 |     const filePath = path.join(__dirname, '../fixtures/sample-transactions.csv');
    > 40 |     await page.setInputFiles('[data-testid="file-input"]', filePath);
         |     ^
      41 |     
      42 |     // Verify file is selected
      43 |     await expect(page.locator('[data-testid="file-name"]')).toContainText('sample-transactions.csv');
        at D:\MainBranch\frontend-app\e2e\tests\reconciliation-flow.spec.js:40:5

    attachment #1: screenshot (image/png) ──────────────────────────────────────────────────────────
    ..\..\test-results\reconciliation-flow-Reconc-3f1d5-pload-CSV-file-successfully-chromium\test-failed-1.png
    ────────────────────────────────────────────────────────────────────────────────────────────────

    attachment #2: video (video/webm) ──────────────────────────────────────────────────────────────
    ..\..\test-results\reconciliation-flow-Reconc-3f1d5-pload-CSV-file-successfully-chromium\video.webm
    ────────────────────────────────────────────────────────────────────────────────────────────────

    Error Context: ..\..\test-results\reconciliation-flow-Reconc-3f1d5-pload-CSV-file-successfully-chromium\error-context.md
]]>
</failure>
<system-out>
<![CDATA[
[[ATTACHMENT|..\..\test-results\reconciliation-flow-Reconc-3f1d5-pload-CSV-file-successfully-chromium\test-failed-1.png]]

[[ATTACHMENT|..\..\test-results\reconciliation-flow-Reconc-3f1d5-pload-CSV-file-successfully-chromium\video.webm]]

[[ATTACHMENT|..\..\test-results\reconciliation-flow-Reconc-3f1d5-pload-CSV-file-successfully-chromium\error-context.md]]
]]>
</system-out>
</testcase>
<testcase name="Reconciliation Flow › should process uploaded file and show progress" classname="reconciliation-flow.spec.js" time="33.08">
<failure message="reconciliation-flow.spec.js:46:3 should process uploaded file and show progress" type="FAILURE">
<![CDATA[  [chromium] › reconciliation-flow.spec.js:46:3 › Reconciliation Flow › should process uploaded file and show progress 

    Test timeout of 30000ms exceeded.

    Error: page.setInputFiles: Test timeout of 30000ms exceeded.
    Call log:
      - waiting for locator('[data-testid="file-input"]')


      49 |     // Upload file
      50 |     const filePath = path.join(__dirname, '../fixtures/sample-transactions.csv');
    > 51 |     await page.setInputFiles('[data-testid="file-input"]', filePath);
         |     ^
      52 |     
      53 |     // Click process button
      54 |     await page.click('[data-testid="process-button"]');
        at D:\MainBranch\frontend-app\e2e\tests\reconciliation-flow.spec.js:51:5

    attachment #1: screenshot (image/png) ──────────────────────────────────────────────────────────
    ..\..\test-results\reconciliation-flow-Reconc-f8341-aded-file-and-show-progress-chromium\test-failed-1.png
    ────────────────────────────────────────────────────────────────────────────────────────────────

    attachment #2: video (video/webm) ──────────────────────────────────────────────────────────────
    ..\..\test-results\reconciliation-flow-Reconc-f8341-aded-file-and-show-progress-chromium\video.webm
    ────────────────────────────────────────────────────────────────────────────────────────────────

    Error Context: ..\..\test-results\reconciliation-flow-Reconc-f8341-aded-file-and-show-progress-chromium\error-context.md
]]>
</failure>
<system-out>
<![CDATA[
[[ATTACHMENT|..\..\test-results\reconciliation-flow-Reconc-f8341-aded-file-and-show-progress-chromium\test-failed-1.png]]

[[ATTACHMENT|..\..\test-results\reconciliation-flow-Reconc-f8341-aded-file-and-show-progress-chromium\video.webm]]

[[ATTACHMENT|..\..\test-results\reconciliation-flow-Reconc-f8341-aded-file-and-show-progress-chromium\error-context.md]]
]]>
</system-out>
</testcase>
<testcase name="Reconciliation Flow › should display reconciliation results" classname="reconciliation-flow.spec.js" time="12.545">
<failure message="reconciliation-flow.spec.js:63:3 should display reconciliation results" type="FAILURE">
<![CDATA[  [chromium] › reconciliation-flow.spec.js:63:3 › Reconciliation Flow › should display reconciliation results 

    Error: Timed out 10000ms waiting for expect(locator).toBeVisible()

    Locator: locator('[data-testid="results-summary"]')
    Expected: visible
    Received: <element(s) not found>
    Call log:
      - Expect "toBeVisible" with timeout 10000ms
      - waiting for locator('[data-testid="results-summary"]')


      68 |     
      69 |     // Verify results are displayed
    > 70 |     await expect(page.locator('[data-testid="results-summary"]')).toBeVisible();
         |                                                                   ^
      71 |     await expect(page.locator('[data-testid="matched-transactions"]')).toBeVisible();
      72 |     await expect(page.locator('[data-testid="unmatched-transactions"]')).toBeVisible();
      73 |     await expect(page.locator('[data-testid="accuracy-score"]')).toBeVisible();
        at D:\MainBranch\frontend-app\e2e\tests\reconciliation-flow.spec.js:70:67

    attachment #1: screenshot (image/png) ──────────────────────────────────────────────────────────
    ..\..\test-results\reconciliation-flow-Reconc-5a267-play-reconciliation-results-chromium\test-failed-1.png
    ────────────────────────────────────────────────────────────────────────────────────────────────

    attachment #2: video (video/webm) ──────────────────────────────────────────────────────────────
    ..\..\test-results\reconciliation-flow-Reconc-5a267-play-reconciliation-results-chromium\video.webm
    ────────────────────────────────────────────────────────────────────────────────────────────────

    Error Context: ..\..\test-results\reconciliation-flow-Reconc-5a267-play-reconciliation-results-chromium\error-context.md
]]>
</failure>
<system-out>
<![CDATA[
[[ATTACHMENT|..\..\test-results\reconciliation-flow-Reconc-5a267-play-reconciliation-results-chromium\test-failed-1.png]]

[[ATTACHMENT|..\..\test-results\reconciliation-flow-Reconc-5a267-play-reconciliation-results-chromium\video.webm]]

[[ATTACHMENT|..\..\test-results\reconciliation-flow-Reconc-5a267-play-reconciliation-results-chromium\error-context.md]]
]]>
</system-out>
</testcase>
<testcase name="Reconciliation Flow › should allow manual review of unmatched transactions" classname="reconciliation-flow.spec.js" time="33.144">
<failure message="reconciliation-flow.spec.js:76:3 should allow manual review of unmatched transactions" type="FAILURE">
<![CDATA[  [chromium] › reconciliation-flow.spec.js:76:3 › Reconciliation Flow › should allow manual review of unmatched transactions 

    Test timeout of 30000ms exceeded.

    Error: page.click: Test timeout of 30000ms exceeded.
    Call log:
      - waiting for locator('[data-testid="unmatched-transactions"]')


      78 |     
      79 |     // Click on unmatched transactions section
    > 80 |     await page.click('[data-testid="unmatched-transactions"]');
         |                ^
      81 |     
      82 |     // Verify manual review interface
      83 |     await expect(page.locator('[data-testid="manual-review"]')).toBeVisible();
        at D:\MainBranch\frontend-app\e2e\tests\reconciliation-flow.spec.js:80:16

    attachment #1: screenshot (image/png) ──────────────────────────────────────────────────────────
    ..\..\test-results\reconciliation-flow-Reconc-1ab3f-w-of-unmatched-transactions-chromium\test-failed-1.png
    ────────────────────────────────────────────────────────────────────────────────────────────────

    attachment #2: video (video/webm) ──────────────────────────────────────────────────────────────
    ..\..\test-results\reconciliation-flow-Reconc-1ab3f-w-of-unmatched-transactions-chromium\video.webm
    ────────────────────────────────────────────────────────────────────────────────────────────────

    Error Context: ..\..\test-results\reconciliation-flow-Reconc-1ab3f-w-of-unmatched-transactions-chromium\error-context.md
]]>
</failure>
<system-out>
<![CDATA[
[[ATTACHMENT|..\..\test-results\reconciliation-flow-Reconc-1ab3f-w-of-unmatched-transactions-chromium\test-failed-1.png]]

[[ATTACHMENT|..\..\test-results\reconciliation-flow-Reconc-1ab3f-w-of-unmatched-transactions-chromium\video.webm]]

[[ATTACHMENT|..\..\test-results\reconciliation-flow-Reconc-1ab3f-w-of-unmatched-transactions-chromium\error-context.md]]
]]>
</system-out>
</testcase>
<testcase name="Reconciliation Flow › should export results successfully" classname="reconciliation-flow.spec.js" time="33.271">
<failure message="reconciliation-flow.spec.js:87:3 should export results successfully" type="FAILURE">
<![CDATA[  [chromium] › reconciliation-flow.spec.js:87:3 › Reconciliation Flow › should export results successfully 

    Test timeout of 30000ms exceeded.

    Error: page.click: Test timeout of 30000ms exceeded.
    Call log:
      - waiting for locator('[data-testid="export-button"]')


      89 |     
      90 |     // Click export button
    > 91 |     await page.click('[data-testid="export-button"]');
         |                ^
      92 |     
      93 |     // Verify download dialog or success message
      94 |     await expect(page.locator('[data-testid="export-success"]')).toBeVisible();
        at D:\MainBranch\frontend-app\e2e\tests\reconciliation-flow.spec.js:91:16

    attachment #1: screenshot (image/png) ──────────────────────────────────────────────────────────
    ..\..\test-results\reconciliation-flow-Reconc-8b966-export-results-successfully-chromium\test-failed-1.png
    ────────────────────────────────────────────────────────────────────────────────────────────────

    attachment #2: video (video/webm) ──────────────────────────────────────────────────────────────
    ..\..\test-results\reconciliation-flow-Reconc-8b966-export-results-successfully-chromium\video.webm
    ────────────────────────────────────────────────────────────────────────────────────────────────

    Error Context: ..\..\test-results\reconciliation-flow-Reconc-8b966-export-results-successfully-chromium\error-context.md
]]>
</failure>
<system-out>
<![CDATA[
[[ATTACHMENT|..\..\test-results\reconciliation-flow-Reconc-8b966-export-results-successfully-chromium\test-failed-1.png]]

[[ATTACHMENT|..\..\test-results\reconciliation-flow-Reconc-8b966-export-results-successfully-chromium\video.webm]]

[[ATTACHMENT|..\..\test-results\reconciliation-flow-Reconc-8b966-export-results-successfully-chromium\error-context.md]]
]]>
</system-out>
</testcase>
<testcase name="Reconciliation Flow › should show error for invalid file format" classname="reconciliation-flow.spec.js" time="33.45">
<failure message="reconciliation-flow.spec.js:97:3 should show error for invalid file format" type="FAILURE">
<![CDATA[  [chromium] › reconciliation-flow.spec.js:97:3 › Reconciliation Flow › should show error for invalid file format 

    Test timeout of 30000ms exceeded.

    Error: page.setInputFiles: Test timeout of 30000ms exceeded.
    Call log:
      - waiting for locator('[data-testid="file-input"]')


      100 |     // Upload invalid file
      101 |     const filePath = path.join(__dirname, '../fixtures/invalid-file.txt');
    > 102 |     await page.setInputFiles('[data-testid="file-input"]', filePath);
          |     ^
      103 |     
      104 |     // Verify error message
      105 |     await expect(page.locator('[data-testid="file-error"]')).toBeVisible();
        at D:\MainBranch\frontend-app\e2e\tests\reconciliation-flow.spec.js:102:5

    attachment #1: screenshot (image/png) ──────────────────────────────────────────────────────────
    ..\..\test-results\reconciliation-flow-Reconc-d5e46-ror-for-invalid-file-format-chromium\test-failed-1.png
    ────────────────────────────────────────────────────────────────────────────────────────────────

    attachment #2: video (video/webm) ──────────────────────────────────────────────────────────────
    ..\..\test-results\reconciliation-flow-Reconc-d5e46-ror-for-invalid-file-format-chromium\video.webm
    ────────────────────────────────────────────────────────────────────────────────────────────────

    Error Context: ..\..\test-results\reconciliation-flow-Reconc-d5e46-ror-for-invalid-file-format-chromium\error-context.md
]]>
</failure>
<system-out>
<![CDATA[
[[ATTACHMENT|..\..\test-results\reconciliation-flow-Reconc-d5e46-ror-for-invalid-file-format-chromium\test-failed-1.png]]

[[ATTACHMENT|..\..\test-results\reconciliation-flow-Reconc-d5e46-ror-for-invalid-file-format-chromium\video.webm]]

[[ATTACHMENT|..\..\test-results\reconciliation-flow-Reconc-d5e46-ror-for-invalid-file-format-chromium\error-context.md]]
]]>
</system-out>
</testcase>
</testsuite>
<testsuite name="analytics-dashboard.spec.js" timestamp="2025-07-12T13:07:47.996Z" hostname="firefox" tests="11" failures="11" skipped="0" time="209.123" errors="0">
<testcase name="Analytics Dashboard › should navigate to analytics dashboard" classname="analytics-dashboard.spec.js" time="13.959">
<failure message="analytics-dashboard.spec.js:13:3 should navigate to analytics dashboard" type="FAILURE">
<![CDATA[  [firefox] › analytics-dashboard.spec.js:13:3 › Analytics Dashboard › should navigate to analytics dashboard 

    Error: Timed out 10000ms waiting for expect(page).toHaveURL(expected)

    Expected pattern: /.*analytics/
    Received string:  "http://localhost:3002/login"
    Call log:
      - Expect "toHaveURL" with timeout 10000ms
        13 × unexpected value "http://localhost:3002/login"


      14 |     // Navigate to analytics via direct URL first to test component rendering
      15 |     await page.goto('http://localhost:3002/analytics');
    > 16 |     await expect(page).toHaveURL(/.*analytics/);
         |                        ^
      17 |     await expect(page.locator('[data-testid="analytics-dashboard"]')).toBeVisible();
      18 |     
      19 |     // Now test link navigation from dashboard
        at D:\MainBranch\frontend-app\e2e\tests\analytics-dashboard.spec.js:16:24

    attachment #1: screenshot (image/png) ──────────────────────────────────────────────────────────
    ..\..\test-results\analytics-dashboard-Analyt-18072-gate-to-analytics-dashboard-firefox\test-failed-1.png
    ────────────────────────────────────────────────────────────────────────────────────────────────

    attachment #2: video (video/webm) ──────────────────────────────────────────────────────────────
    ..\..\test-results\analytics-dashboard-Analyt-18072-gate-to-analytics-dashboard-firefox\video.webm
    ────────────────────────────────────────────────────────────────────────────────────────────────

    Error Context: ..\..\test-results\analytics-dashboard-Analyt-18072-gate-to-analytics-dashboard-firefox\error-context.md
]]>
</failure>
<system-out>
<![CDATA[
[[ATTACHMENT|..\..\test-results\analytics-dashboard-Analyt-18072-gate-to-analytics-dashboard-firefox\test-failed-1.png]]

[[ATTACHMENT|..\..\test-results\analytics-dashboard-Analyt-18072-gate-to-analytics-dashboard-firefox\video.webm]]

[[ATTACHMENT|..\..\test-results\analytics-dashboard-Analyt-18072-gate-to-analytics-dashboard-firefox\error-context.md]]
]]>
</system-out>
</testcase>
<testcase name="Analytics Dashboard › should display key metrics cards" classname="analytics-dashboard.spec.js" time="16.028">
<failure message="analytics-dashboard.spec.js:32:3 should display key metrics cards" type="FAILURE">
<![CDATA[  [firefox] › analytics-dashboard.spec.js:32:3 › Analytics Dashboard › should display key metrics cards 

    Error: Timed out 10000ms waiting for expect(locator).toBeVisible()

    Locator: locator('[data-testid="revenue-metric"]')
    Expected: visible
    Received: <element(s) not found>
    Call log:
      - Expect "toBeVisible" with timeout 10000ms
      - waiting for locator('[data-testid="revenue-metric"]')


      34 |     
      35 |     // Verify key metrics are displayed
    > 36 |     await expect(page.locator('[data-testid="revenue-metric"]')).toBeVisible();
         |                                                                  ^
      37 |     await expect(page.locator('[data-testid="transactions-metric"]')).toBeVisible();
      38 |     await expect(page.locator('[data-testid="accuracy-metric"]')).toBeVisible();
      39 |     await expect(page.locator('[data-testid="savings-metric"]')).toBeVisible();
        at D:\MainBranch\frontend-app\e2e\tests\analytics-dashboard.spec.js:36:66

    attachment #1: screenshot (image/png) ──────────────────────────────────────────────────────────
    ..\..\test-results\analytics-dashboard-Analyt-d2ef0-d-display-key-metrics-cards-firefox\test-failed-1.png
    ────────────────────────────────────────────────────────────────────────────────────────────────

    attachment #2: video (video/webm) ──────────────────────────────────────────────────────────────
    ..\..\test-results\analytics-dashboard-Analyt-d2ef0-d-display-key-metrics-cards-firefox\video.webm
    ────────────────────────────────────────────────────────────────────────────────────────────────

    Error Context: ..\..\test-results\analytics-dashboard-Analyt-d2ef0-d-display-key-metrics-cards-firefox\error-context.md
]]>
</failure>
<system-out>
<![CDATA[
[[ATTACHMENT|..\..\test-results\analytics-dashboard-Analyt-d2ef0-d-display-key-metrics-cards-firefox\test-failed-1.png]]

[[ATTACHMENT|..\..\test-results\analytics-dashboard-Analyt-d2ef0-d-display-key-metrics-cards-firefox\video.webm]]

[[ATTACHMENT|..\..\test-results\analytics-dashboard-Analyt-d2ef0-d-display-key-metrics-cards-firefox\error-context.md]]
]]>
</system-out>
</testcase>
<testcase name="Analytics Dashboard › should display revenue chart" classname="analytics-dashboard.spec.js" time="16.978">
<failure message="analytics-dashboard.spec.js:42:3 should display revenue chart" type="FAILURE">
<![CDATA[  [firefox] › analytics-dashboard.spec.js:42:3 › Analytics Dashboard › should display revenue chart 

    Error: Timed out 10000ms waiting for expect(locator).toBeVisible()

    Locator: locator('[data-testid="revenue-chart"]')
    Expected: visible
    Received: <element(s) not found>
    Call log:
      - Expect "toBeVisible" with timeout 10000ms
      - waiting for locator('[data-testid="revenue-chart"]')


      44 |     
      45 |     // Verify revenue chart is present
    > 46 |     await expect(page.locator('[data-testid="revenue-chart"]')).toBeVisible();
         |                                                                 ^
      47 |     await expect(page.locator('[data-testid="chart-container"]')).toBeVisible();
      48 |   });
      49 |
        at D:\MainBranch\frontend-app\e2e\tests\analytics-dashboard.spec.js:46:65

    attachment #1: screenshot (image/png) ──────────────────────────────────────────────────────────
    ..\..\test-results\analytics-dashboard-Analyt-89254-hould-display-revenue-chart-firefox\test-failed-1.png
    ────────────────────────────────────────────────────────────────────────────────────────────────

    attachment #2: video (video/webm) ──────────────────────────────────────────────────────────────
    ..\..\test-results\analytics-dashboard-Analyt-89254-hould-display-revenue-chart-firefox\video.webm
    ────────────────────────────────────────────────────────────────────────────────────────────────

    Error Context: ..\..\test-results\analytics-dashboard-Analyt-89254-hould-display-revenue-chart-firefox\error-context.md
]]>
</failure>
<system-out>
<![CDATA[
[[ATTACHMENT|..\..\test-results\analytics-dashboard-Analyt-89254-hould-display-revenue-chart-firefox\test-failed-1.png]]

[[ATTACHMENT|..\..\test-results\analytics-dashboard-Analyt-89254-hould-display-revenue-chart-firefox\video.webm]]

[[ATTACHMENT|..\..\test-results\analytics-dashboard-Analyt-89254-hould-display-revenue-chart-firefox\error-context.md]]
]]>
</system-out>
</testcase>
<testcase name="Analytics Dashboard › should display transaction volume chart" classname="analytics-dashboard.spec.js" time="17.131">
<failure message="analytics-dashboard.spec.js:50:3 should display transaction volume chart" type="FAILURE">
<![CDATA[  [firefox] › analytics-dashboard.spec.js:50:3 › Analytics Dashboard › should display transaction volume chart 

    Error: Timed out 10000ms waiting for expect(locator).toBeVisible()

    Locator: locator('[data-testid="transaction-volume-chart"]')
    Expected: visible
    Received: <element(s) not found>
    Call log:
      - Expect "toBeVisible" with timeout 10000ms
      - waiting for locator('[data-testid="transaction-volume-chart"]')


      52 |     
      53 |     // Verify transaction volume chart
    > 54 |     await expect(page.locator('[data-testid="transaction-volume-chart"]')).toBeVisible();
         |                                                                            ^
      55 |   });
      56 |
      57 |   test('should display accuracy trends chart', async ({ page }) => {
        at D:\MainBranch\frontend-app\e2e\tests\analytics-dashboard.spec.js:54:76

    attachment #1: screenshot (image/png) ──────────────────────────────────────────────────────────
    ..\..\test-results\analytics-dashboard-Analyt-2cbf3-ay-transaction-volume-chart-firefox\test-failed-1.png
    ────────────────────────────────────────────────────────────────────────────────────────────────

    attachment #2: video (video/webm) ──────────────────────────────────────────────────────────────
    ..\..\test-results\analytics-dashboard-Analyt-2cbf3-ay-transaction-volume-chart-firefox\video.webm
    ────────────────────────────────────────────────────────────────────────────────────────────────

    Error Context: ..\..\test-results\analytics-dashboard-Analyt-2cbf3-ay-transaction-volume-chart-firefox\error-context.md
]]>
</failure>
<system-out>
<![CDATA[
[[ATTACHMENT|..\..\test-results\analytics-dashboard-Analyt-2cbf3-ay-transaction-volume-chart-firefox\test-failed-1.png]]

[[ATTACHMENT|..\..\test-results\analytics-dashboard-Analyt-2cbf3-ay-transaction-volume-chart-firefox\video.webm]]

[[ATTACHMENT|..\..\test-results\analytics-dashboard-Analyt-2cbf3-ay-transaction-volume-chart-firefox\error-context.md]]
]]>
</system-out>
</testcase>
<testcase name="Analytics Dashboard › should display accuracy trends chart" classname="analytics-dashboard.spec.js" time="14.815">
<failure message="analytics-dashboard.spec.js:57:3 should display accuracy trends chart" type="FAILURE">
<![CDATA[  [firefox] › analytics-dashboard.spec.js:57:3 › Analytics Dashboard › should display accuracy trends chart 

    Error: Timed out 10000ms waiting for expect(locator).toBeVisible()

    Locator: locator('[data-testid="accuracy-trends-chart"]')
    Expected: visible
    Received: <element(s) not found>
    Call log:
      - Expect "toBeVisible" with timeout 10000ms
      - waiting for locator('[data-testid="accuracy-trends-chart"]')


      59 |     
      60 |     // Verify accuracy trends chart
    > 61 |     await expect(page.locator('[data-testid="accuracy-trends-chart"]')).toBeVisible();
         |                                                                         ^
      62 |   });
      63 |
      64 |   test('should allow date range filtering', async ({ page }) => {
        at D:\MainBranch\frontend-app\e2e\tests\analytics-dashboard.spec.js:61:73

    attachment #1: screenshot (image/png) ──────────────────────────────────────────────────────────
    ..\..\test-results\analytics-dashboard-Analyt-ec6b4-splay-accuracy-trends-chart-firefox\test-failed-1.png
    ────────────────────────────────────────────────────────────────────────────────────────────────

    attachment #2: video (video/webm) ──────────────────────────────────────────────────────────────
    ..\..\test-results\analytics-dashboard-Analyt-ec6b4-splay-accuracy-trends-chart-firefox\video.webm
    ────────────────────────────────────────────────────────────────────────────────────────────────

    Error Context: ..\..\test-results\analytics-dashboard-Analyt-ec6b4-splay-accuracy-trends-chart-firefox\error-context.md
]]>
</failure>
<system-out>
<![CDATA[
[[ATTACHMENT|..\..\test-results\analytics-dashboard-Analyt-ec6b4-splay-accuracy-trends-chart-firefox\test-failed-1.png]]

[[ATTACHMENT|..\..\test-results\analytics-dashboard-Analyt-ec6b4-splay-accuracy-trends-chart-firefox\video.webm]]

[[ATTACHMENT|..\..\test-results\analytics-dashboard-Analyt-ec6b4-splay-accuracy-trends-chart-firefox\error-context.md]]
]]>
</system-out>
</testcase>
<testcase name="Analytics Dashboard › should allow date range filtering" classname="analytics-dashboard.spec.js" time="30.099">
<failure message="analytics-dashboard.spec.js:64:3 should allow date range filtering" type="FAILURE">
<![CDATA[  [firefox] › analytics-dashboard.spec.js:64:3 › Analytics Dashboard › should allow date range filtering 

    Test timeout of 30000ms exceeded.

    Error: page.click: Test timeout of 30000ms exceeded.
    Call log:
      - waiting for locator('[data-testid="date-range-picker"]')


      66 |     
      67 |     // Click on date range picker
    > 68 |     await page.click('[data-testid="date-range-picker"]');
         |                ^
      69 |     
      70 |     // Select a date range
      71 |     await page.click('[data-testid="date-range-30-days"]');
        at D:\MainBranch\frontend-app\e2e\tests\analytics-dashboard.spec.js:68:16

    attachment #1: screenshot (image/png) ──────────────────────────────────────────────────────────
    ..\..\test-results\analytics-dashboard-Analyt-63824--allow-date-range-filtering-firefox\test-failed-1.png
    ────────────────────────────────────────────────────────────────────────────────────────────────

    attachment #2: video (video/webm) ──────────────────────────────────────────────────────────────
    ..\..\test-results\analytics-dashboard-Analyt-63824--allow-date-range-filtering-firefox\video.webm
    ────────────────────────────────────────────────────────────────────────────────────────────────

    Error Context: ..\..\test-results\analytics-dashboard-Analyt-63824--allow-date-range-filtering-firefox\error-context.md
]]>
</failure>
<system-out>
<![CDATA[
[[ATTACHMENT|..\..\test-results\analytics-dashboard-Analyt-63824--allow-date-range-filtering-firefox\test-failed-1.png]]

[[ATTACHMENT|..\..\test-results\analytics-dashboard-Analyt-63824--allow-date-range-filtering-firefox\video.webm]]

[[ATTACHMENT|..\..\test-results\analytics-dashboard-Analyt-63824--allow-date-range-filtering-firefox\error-context.md]]
]]>
</system-out>
</testcase>
<testcase name="Analytics Dashboard › should display reconciliation performance metrics" classname="analytics-dashboard.spec.js" time="13.321">
<failure message="analytics-dashboard.spec.js:77:3 should display reconciliation performance metrics" type="FAILURE">
<![CDATA[  [firefox] › analytics-dashboard.spec.js:77:3 › Analytics Dashboard › should display reconciliation performance metrics 

    Error: Timed out 10000ms waiting for expect(locator).toBeVisible()

    Locator: locator('[data-testid="performance-metrics"]')
    Expected: visible
    Received: <element(s) not found>
    Call log:
      - Expect "toBeVisible" with timeout 10000ms
      - waiting for locator('[data-testid="performance-metrics"]')


      79 |     
      80 |     // Verify performance metrics section
    > 81 |     await expect(page.locator('[data-testid="performance-metrics"]')).toBeVisible();
         |                                                                       ^
      82 |     await expect(page.locator('[data-testid="processing-time"]')).toBeVisible();
      83 |     await expect(page.locator('[data-testid="success-rate"]')).toBeVisible();
      84 |   });
        at D:\MainBranch\frontend-app\e2e\tests\analytics-dashboard.spec.js:81:71

    attachment #1: screenshot (image/png) ──────────────────────────────────────────────────────────
    ..\..\test-results\analytics-dashboard-Analyt-aee05-liation-performance-metrics-firefox\test-failed-1.png
    ────────────────────────────────────────────────────────────────────────────────────────────────

    attachment #2: video (video/webm) ──────────────────────────────────────────────────────────────
    ..\..\test-results\analytics-dashboard-Analyt-aee05-liation-performance-metrics-firefox\video.webm
    ────────────────────────────────────────────────────────────────────────────────────────────────

    Error Context: ..\..\test-results\analytics-dashboard-Analyt-aee05-liation-performance-metrics-firefox\error-context.md
]]>
</failure>
<system-out>
<![CDATA[
[[ATTACHMENT|..\..\test-results\analytics-dashboard-Analyt-aee05-liation-performance-metrics-firefox\test-failed-1.png]]

[[ATTACHMENT|..\..\test-results\analytics-dashboard-Analyt-aee05-liation-performance-metrics-firefox\video.webm]]

[[ATTACHMENT|..\..\test-results\analytics-dashboard-Analyt-aee05-liation-performance-metrics-firefox\error-context.md]]
]]>
</system-out>
</testcase>
<testcase name="Analytics Dashboard › should allow export of analytics data" classname="analytics-dashboard.spec.js" time="30.114">
<failure message="analytics-dashboard.spec.js:86:3 should allow export of analytics data" type="FAILURE">
<![CDATA[  [firefox] › analytics-dashboard.spec.js:86:3 › Analytics Dashboard › should allow export of analytics data 

    Test timeout of 30000ms exceeded.

    Error: page.click: Test timeout of 30000ms exceeded.
    Call log:
      - waiting for locator('[data-testid="export-analytics"]')


      88 |     
      89 |     // Click export button
    > 90 |     await page.click('[data-testid="export-analytics"]');
         |                ^
      91 |     
      92 |     // Verify export options
      93 |     await expect(page.locator('[data-testid="export-options"]')).toBeVisible();
        at D:\MainBranch\frontend-app\e2e\tests\analytics-dashboard.spec.js:90:16

    attachment #1: screenshot (image/png) ──────────────────────────────────────────────────────────
    ..\..\test-results\analytics-dashboard-Analyt-80e4c-ow-export-of-analytics-data-firefox\test-failed-1.png
    ────────────────────────────────────────────────────────────────────────────────────────────────

    attachment #2: video (video/webm) ──────────────────────────────────────────────────────────────
    ..\..\test-results\analytics-dashboard-Analyt-80e4c-ow-export-of-analytics-data-firefox\video.webm
    ────────────────────────────────────────────────────────────────────────────────────────────────

    Error Context: ..\..\test-results\analytics-dashboard-Analyt-80e4c-ow-export-of-analytics-data-firefox\error-context.md
]]>
</failure>
<system-out>
<![CDATA[
[[ATTACHMENT|..\..\test-results\analytics-dashboard-Analyt-80e4c-ow-export-of-analytics-data-firefox\test-failed-1.png]]

[[ATTACHMENT|..\..\test-results\analytics-dashboard-Analyt-80e4c-ow-export-of-analytics-data-firefox\video.webm]]

[[ATTACHMENT|..\..\test-results\analytics-dashboard-Analyt-80e4c-ow-export-of-analytics-data-firefox\error-context.md]]
]]>
</system-out>
</testcase>
<testcase name="Analytics Dashboard › should display anomaly detection alerts" classname="analytics-dashboard.spec.js" time="12.942">
<failure message="analytics-dashboard.spec.js:96:3 should display anomaly detection alerts" type="FAILURE">
<![CDATA[  [firefox] › analytics-dashboard.spec.js:96:3 › Analytics Dashboard › should display anomaly detection alerts 

    Error: Timed out 10000ms waiting for expect(locator).toBeVisible()

    Locator: locator('[data-testid="anomaly-alerts"]')
    Expected: visible
    Received: <element(s) not found>
    Call log:
      - Expect "toBeVisible" with timeout 10000ms
      - waiting for locator('[data-testid="anomaly-alerts"]')


       98 |     
       99 |     // Verify anomaly alerts section
    > 100 |     await expect(page.locator('[data-testid="anomaly-alerts"]')).toBeVisible();
          |                                                                  ^
      101 |   });
      102 |
      103 |   test('should allow drill-down into specific metrics', async ({ page }) => {
        at D:\MainBranch\frontend-app\e2e\tests\analytics-dashboard.spec.js:100:66

    attachment #1: screenshot (image/png) ──────────────────────────────────────────────────────────
    ..\..\test-results\analytics-dashboard-Analyt-97d36-ay-anomaly-detection-alerts-firefox\test-failed-1.png
    ────────────────────────────────────────────────────────────────────────────────────────────────

    attachment #2: video (video/webm) ──────────────────────────────────────────────────────────────
    ..\..\test-results\analytics-dashboard-Analyt-97d36-ay-anomaly-detection-alerts-firefox\video.webm
    ────────────────────────────────────────────────────────────────────────────────────────────────

    Error Context: ..\..\test-results\analytics-dashboard-Analyt-97d36-ay-anomaly-detection-alerts-firefox\error-context.md
]]>
</failure>
<system-out>
<![CDATA[
[[ATTACHMENT|..\..\test-results\analytics-dashboard-Analyt-97d36-ay-anomaly-detection-alerts-firefox\test-failed-1.png]]

[[ATTACHMENT|..\..\test-results\analytics-dashboard-Analyt-97d36-ay-anomaly-detection-alerts-firefox\video.webm]]

[[ATTACHMENT|..\..\test-results\analytics-dashboard-Analyt-97d36-ay-anomaly-detection-alerts-firefox\error-context.md]]
]]>
</system-out>
</testcase>
<testcase name="Analytics Dashboard › should allow drill-down into specific metrics" classname="analytics-dashboard.spec.js" time="30.088">
<failure message="analytics-dashboard.spec.js:103:3 should allow drill-down into specific metrics" type="FAILURE">
<![CDATA[  [firefox] › analytics-dashboard.spec.js:103:3 › Analytics Dashboard › should allow drill-down into specific metrics 

    Test timeout of 30000ms exceeded.

    Error: page.click: Test timeout of 30000ms exceeded.
    Call log:
      - waiting for locator('[data-testid="revenue-metric"]')


      105 |     
      106 |     // Click on a metric card
    > 107 |     await page.click('[data-testid="revenue-metric"]');
          |                ^
      108 |     
      109 |     // Verify detailed view opens
      110 |     await expect(page.locator('[data-testid="metric-detail-view"]')).toBeVisible();
        at D:\MainBranch\frontend-app\e2e\tests\analytics-dashboard.spec.js:107:16

    attachment #1: screenshot (image/png) ──────────────────────────────────────────────────────────
    ..\..\test-results\analytics-dashboard-Analyt-20f4d--down-into-specific-metrics-firefox\test-failed-1.png
    ────────────────────────────────────────────────────────────────────────────────────────────────

    attachment #2: video (video/webm) ──────────────────────────────────────────────────────────────
    ..\..\test-results\analytics-dashboard-Analyt-20f4d--down-into-specific-metrics-firefox\video.webm
    ────────────────────────────────────────────────────────────────────────────────────────────────

    Error Context: ..\..\test-results\analytics-dashboard-Analyt-20f4d--down-into-specific-metrics-firefox\error-context.md
]]>
</failure>
<system-out>
<![CDATA[
[[ATTACHMENT|..\..\test-results\analytics-dashboard-Analyt-20f4d--down-into-specific-metrics-firefox\test-failed-1.png]]

[[ATTACHMENT|..\..\test-results\analytics-dashboard-Analyt-20f4d--down-into-specific-metrics-firefox\video.webm]]

[[ATTACHMENT|..\..\test-results\analytics-dashboard-Analyt-20f4d--down-into-specific-metrics-firefox\error-context.md]]
]]>
</system-out>
</testcase>
<testcase name="Analytics Dashboard › should display predictive analytics insights" classname="analytics-dashboard.spec.js" time="13.648">
<failure message="analytics-dashboard.spec.js:113:3 should display predictive analytics insights" type="FAILURE">
<![CDATA[  [firefox] › analytics-dashboard.spec.js:113:3 › Analytics Dashboard › should display predictive analytics insights 

    Error: Timed out 10000ms waiting for expect(locator).toBeVisible()

    Locator: locator('[data-testid="predictive-insights"]')
    Expected: visible
    Received: <element(s) not found>
    Call log:
      - Expect "toBeVisible" with timeout 10000ms
      - waiting for locator('[data-testid="predictive-insights"]')


      115 |     
      116 |     // Verify predictive insights section
    > 117 |     await expect(page.locator('[data-testid="predictive-insights"]')).toBeVisible();
          |                                                                       ^
      118 |     await expect(page.locator('[data-testid="forecast-chart"]')).toBeVisible();
      119 |   });
      120 | }); 
        at D:\MainBranch\frontend-app\e2e\tests\analytics-dashboard.spec.js:117:71

    attachment #1: screenshot (image/png) ──────────────────────────────────────────────────────────
    ..\..\test-results\analytics-dashboard-Analyt-13f93-edictive-analytics-insights-firefox\test-failed-1.png
    ────────────────────────────────────────────────────────────────────────────────────────────────

    attachment #2: video (video/webm) ──────────────────────────────────────────────────────────────
    ..\..\test-results\analytics-dashboard-Analyt-13f93-edictive-analytics-insights-firefox\video.webm
    ────────────────────────────────────────────────────────────────────────────────────────────────

    Error Context: ..\..\test-results\analytics-dashboard-Analyt-13f93-edictive-analytics-insights-firefox\error-context.md
]]>
</failure>
<system-out>
<![CDATA[
[[ATTACHMENT|..\..\test-results\analytics-dashboard-Analyt-13f93-edictive-analytics-insights-firefox\test-failed-1.png]]

[[ATTACHMENT|..\..\test-results\analytics-dashboard-Analyt-13f93-edictive-analytics-insights-firefox\video.webm]]

[[ATTACHMENT|..\..\test-results\analytics-dashboard-Analyt-13f93-edictive-analytics-insights-firefox\error-context.md]]
]]>
</system-out>
</testcase>
</testsuite>
<testsuite name="auth-flow.spec.js" timestamp="2025-07-12T13:07:47.996Z" hostname="firefox" tests="5" failures="0" skipped="0" time="9.736" errors="0">
<testcase name="Authentication Flow › should display login form on homepage" classname="auth-flow.spec.js" time="2.228">
</testcase>
<testcase name="Authentication Flow › should show validation errors for invalid login" classname="auth-flow.spec.js" time="1.404">
</testcase>
<testcase name="Authentication Flow › should successfully login with valid credentials" classname="auth-flow.spec.js" time="1.404">
</testcase>
<testcase name="Authentication Flow › should redirect to login when accessing protected route without auth" classname="auth-flow.spec.js" time="1.273">
</testcase>
<testcase name="Authentication Flow › should logout successfully" classname="auth-flow.spec.js" time="3.427">
</testcase>
</testsuite>
<testsuite name="reconciliation-flow.spec.js" timestamp="2025-07-12T13:07:47.996Z" hostname="firefox" tests="8" failures="8" skipped="0" time="186.619" errors="0">
<testcase name="Reconciliation Flow › should navigate to reconciliation page" classname="reconciliation-flow.spec.js" time="11.343">
<failure message="reconciliation-flow.spec.js:19:3 should navigate to reconciliation page" type="FAILURE">
<![CDATA[  [firefox] › reconciliation-flow.spec.js:19:3 › Reconciliation Flow › should navigate to reconciliation page 

    Error: Timed out 10000ms waiting for expect(page).toHaveURL(expected)

    Expected pattern: /.*reconciliation/
    Received string:  "http://localhost:3002/dashboard"
    Call log:
      - Expect "toHaveURL" with timeout 10000ms
        13 × unexpected value "http://localhost:3002/dashboard"


      20 |     // Navigate to reconciliation
      21 |     await page.click('[data-testid="nav-reconciliation"]');
    > 22 |     await expect(page).toHaveURL(/.*reconciliation/);
         |                        ^
      23 |     await expect(page.locator('[data-testid="reconciliation-page"]')).toBeVisible();
      24 |   });
      25 |
        at D:\MainBranch\frontend-app\e2e\tests\reconciliation-flow.spec.js:22:24

    attachment #1: screenshot (image/png) ──────────────────────────────────────────────────────────
    ..\..\test-results\reconciliation-flow-Reconc-85607-gate-to-reconciliation-page-firefox\test-failed-1.png
    ────────────────────────────────────────────────────────────────────────────────────────────────

    attachment #2: video (video/webm) ──────────────────────────────────────────────────────────────
    ..\..\test-results\reconciliation-flow-Reconc-85607-gate-to-reconciliation-page-firefox\video.webm
    ────────────────────────────────────────────────────────────────────────────────────────────────

    Error Context: ..\..\test-results\reconciliation-flow-Reconc-85607-gate-to-reconciliation-page-firefox\error-context.md
]]>
</failure>
<system-out>
<![CDATA[
[[ATTACHMENT|..\..\test-results\reconciliation-flow-Reconc-85607-gate-to-reconciliation-page-firefox\test-failed-1.png]]

[[ATTACHMENT|..\..\test-results\reconciliation-flow-Reconc-85607-gate-to-reconciliation-page-firefox\video.webm]]

[[ATTACHMENT|..\..\test-results\reconciliation-flow-Reconc-85607-gate-to-reconciliation-page-firefox\error-context.md]]
]]>
</system-out>
</testcase>
<testcase name="Reconciliation Flow › should display file upload interface" classname="reconciliation-flow.spec.js" time="11.55">
<failure message="reconciliation-flow.spec.js:26:3 should display file upload interface" type="FAILURE">
<![CDATA[  [firefox] › reconciliation-flow.spec.js:26:3 › Reconciliation Flow › should display file upload interface 

    Error: Timed out 10000ms waiting for expect(locator).toBeVisible()

    Locator: locator('[data-testid="file-upload-area"]')
    Expected: visible
    Received: <element(s) not found>
    Call log:
      - Expect "toBeVisible" with timeout 10000ms
      - waiting for locator('[data-testid="file-upload-area"]')


      28 |     
      29 |     // Verify upload interface is visible
    > 30 |     await expect(page.locator('[data-testid="file-upload-area"]')).toBeVisible();
         |                                                                    ^
      31 |     await expect(page.locator('[data-testid="upload-button"]')).toBeVisible();
      32 |     await expect(page.locator('[data-testid="supported-formats"]')).toBeVisible();
      33 |   });
        at D:\MainBranch\frontend-app\e2e\tests\reconciliation-flow.spec.js:30:68

    attachment #1: screenshot (image/png) ──────────────────────────────────────────────────────────
    ..\..\test-results\reconciliation-flow-Reconc-6a67a-splay-file-upload-interface-firefox\test-failed-1.png
    ────────────────────────────────────────────────────────────────────────────────────────────────

    attachment #2: video (video/webm) ──────────────────────────────────────────────────────────────
    ..\..\test-results\reconciliation-flow-Reconc-6a67a-splay-file-upload-interface-firefox\video.webm
    ────────────────────────────────────────────────────────────────────────────────────────────────

    Error Context: ..\..\test-results\reconciliation-flow-Reconc-6a67a-splay-file-upload-interface-firefox\error-context.md
]]>
</failure>
<system-out>
<![CDATA[
[[ATTACHMENT|..\..\test-results\reconciliation-flow-Reconc-6a67a-splay-file-upload-interface-firefox\test-failed-1.png]]

[[ATTACHMENT|..\..\test-results\reconciliation-flow-Reconc-6a67a-splay-file-upload-interface-firefox\video.webm]]

[[ATTACHMENT|..\..\test-results\reconciliation-flow-Reconc-6a67a-splay-file-upload-interface-firefox\error-context.md]]
]]>
</system-out>
</testcase>
<testcase name="Reconciliation Flow › should upload CSV file successfully" classname="reconciliation-flow.spec.js" time="30.105">
<failure message="reconciliation-flow.spec.js:35:3 should upload CSV file successfully" type="FAILURE">
<![CDATA[  [firefox] › reconciliation-flow.spec.js:35:3 › Reconciliation Flow › should upload CSV file successfully 

    Test timeout of 30000ms exceeded.

    Error: page.setInputFiles: Test timeout of 30000ms exceeded.
    Call log:
      - waiting for locator('[data-testid="file-input"]')


      38 |     // Upload test CSV file
      39 |     const filePath = path.join(__dirname, '../fixtures/sample-transactions.csv');
    > 40 |     await page.setInputFiles('[data-testid="file-input"]', filePath);
         |     ^
      41 |     
      42 |     // Verify file is selected
      43 |     await expect(page.locator('[data-testid="file-name"]')).toContainText('sample-transactions.csv');
        at D:\MainBranch\frontend-app\e2e\tests\reconciliation-flow.spec.js:40:5

    attachment #1: screenshot (image/png) ──────────────────────────────────────────────────────────
    ..\..\test-results\reconciliation-flow-Reconc-3f1d5-pload-CSV-file-successfully-firefox\test-failed-1.png
    ────────────────────────────────────────────────────────────────────────────────────────────────

    attachment #2: video (video/webm) ──────────────────────────────────────────────────────────────
    ..\..\test-results\reconciliation-flow-Reconc-3f1d5-pload-CSV-file-successfully-firefox\video.webm
    ────────────────────────────────────────────────────────────────────────────────────────────────

    Error Context: ..\..\test-results\reconciliation-flow-Reconc-3f1d5-pload-CSV-file-successfully-firefox\error-context.md
]]>
</failure>
<system-out>
<![CDATA[
[[ATTACHMENT|..\..\test-results\reconciliation-flow-Reconc-3f1d5-pload-CSV-file-successfully-firefox\test-failed-1.png]]

[[ATTACHMENT|..\..\test-results\reconciliation-flow-Reconc-3f1d5-pload-CSV-file-successfully-firefox\video.webm]]

[[ATTACHMENT|..\..\test-results\reconciliation-flow-Reconc-3f1d5-pload-CSV-file-successfully-firefox\error-context.md]]
]]>
</system-out>
</testcase>
<testcase name="Reconciliation Flow › should process uploaded file and show progress" classname="reconciliation-flow.spec.js" time="30.114">
<failure message="reconciliation-flow.spec.js:46:3 should process uploaded file and show progress" type="FAILURE">
<![CDATA[  [firefox] › reconciliation-flow.spec.js:46:3 › Reconciliation Flow › should process uploaded file and show progress 

    Test timeout of 30000ms exceeded.

    Error: page.setInputFiles: Test timeout of 30000ms exceeded.
    Call log:
      - waiting for locator('[data-testid="file-input"]')


      49 |     // Upload file
      50 |     const filePath = path.join(__dirname, '../fixtures/sample-transactions.csv');
    > 51 |     await page.setInputFiles('[data-testid="file-input"]', filePath);
         |     ^
      52 |     
      53 |     // Click process button
      54 |     await page.click('[data-testid="process-button"]');
        at D:\MainBranch\frontend-app\e2e\tests\reconciliation-flow.spec.js:51:5

    attachment #1: screenshot (image/png) ──────────────────────────────────────────────────────────
    ..\..\test-results\reconciliation-flow-Reconc-f8341-aded-file-and-show-progress-firefox\test-failed-1.png
    ────────────────────────────────────────────────────────────────────────────────────────────────

    attachment #2: video (video/webm) ──────────────────────────────────────────────────────────────
    ..\..\test-results\reconciliation-flow-Reconc-f8341-aded-file-and-show-progress-firefox\video.webm
    ────────────────────────────────────────────────────────────────────────────────────────────────

    Error Context: ..\..\test-results\reconciliation-flow-Reconc-f8341-aded-file-and-show-progress-firefox\error-context.md
]]>
</failure>
<system-out>
<![CDATA[
[[ATTACHMENT|..\..\test-results\reconciliation-flow-Reconc-f8341-aded-file-and-show-progress-firefox\test-failed-1.png]]

[[ATTACHMENT|..\..\test-results\reconciliation-flow-Reconc-f8341-aded-file-and-show-progress-firefox\video.webm]]

[[ATTACHMENT|..\..\test-results\reconciliation-flow-Reconc-f8341-aded-file-and-show-progress-firefox\error-context.md]]
]]>
</system-out>
</testcase>
<testcase name="Reconciliation Flow › should display reconciliation results" classname="reconciliation-flow.spec.js" time="13.214">
<failure message="reconciliation-flow.spec.js:63:3 should display reconciliation results" type="FAILURE">
<![CDATA[  [firefox] › reconciliation-flow.spec.js:63:3 › Reconciliation Flow › should display reconciliation results 

    Error: Timed out 10000ms waiting for expect(locator).toBeVisible()

    Locator: locator('[data-testid="results-summary"]')
    Expected: visible
    Received: <element(s) not found>
    Call log:
      - Expect "toBeVisible" with timeout 10000ms
      - waiting for locator('[data-testid="results-summary"]')


      68 |     
      69 |     // Verify results are displayed
[...]
    ────────────────────────────────────────────────────────────────────────────────────────────────

    Error Context: ..\..\test-results\analytics-dashboard-Analyt-13f93-edictive-analytics-insights-Mobile-Safari\error-context.md
]]>
</failure>
<system-out>
<![CDATA[
[[ATTACHMENT|..\..\test-results\analytics-dashboard-Analyt-13f93-edictive-analytics-insights-Mobile-Safari\test-failed-1.png]]

[[ATTACHMENT|..\..\test-results\analytics-dashboard-Analyt-13f93-edictive-analytics-insights-Mobile-Safari\video.webm]]

[[ATTACHMENT|..\..\test-results\analytics-dashboard-Analyt-13f93-edictive-analytics-insights-Mobile-Safari\error-context.md]]
]]>
</system-out>
</testcase>
</testsuite>
<testsuite name="auth-flow.spec.js" timestamp="2025-07-12T13:07:47.996Z" hostname="Mobile Safari" tests="5" failures="0" skipped="0" time="5.283" errors="0">
<testcase name="Authentication Flow › should display login form on homepage" classname="auth-flow.spec.js" time="0.872">
</testcase>
<testcase name="Authentication Flow › should show validation errors for invalid login" classname="auth-flow.spec.js" time="1.068">
</testcase>
<testcase name="Authentication Flow › should successfully login with valid credentials" classname="auth-flow.spec.js" time="1.092">
</testcase>
<testcase name="Authentication Flow › should redirect to login when accessing protected route without auth" classname="auth-flow.spec.js" time="0.974">
</testcase>
<testcase name="Authentication Flow › should logout successfully" classname="auth-flow.spec.js" time="1.277">
</testcase>
</testsuite>
<testsuite name="reconciliation-flow.spec.js" timestamp="2025-07-12T13:07:47.996Z" hostname="Mobile Safari" tests="8" failures="8" skipped="0" time="185.862" errors="0">
<testcase name="Reconciliation Flow › should navigate to reconciliation page" classname="reconciliation-flow.spec.js" time="11.576">
<failure message="reconciliation-flow.spec.js:19:3 should navigate to reconciliation page" type="FAILURE">
<![CDATA[  [Mobile Safari] › reconciliation-flow.spec.js:19:3 › Reconciliation Flow › should navigate to reconciliation page 

    Error: Timed out 10000ms waiting for expect(page).toHaveURL(expected)

    Expected pattern: /.*reconciliation/
    Received string:  "http://localhost:3002/dashboard"
    Call log:
      - Expect "toHaveURL" with timeout 10000ms
        13 × unexpected value "http://localhost:3002/dashboard"


      20 |     // Navigate to reconciliation
      21 |     await page.click('[data-testid="nav-reconciliation"]');
    > 22 |     await expect(page).toHaveURL(/.*reconciliation/);
         |                        ^
      23 |     await expect(page.locator('[data-testid="reconciliation-page"]')).toBeVisible();
      24 |   });
      25 |
        at D:\MainBranch\frontend-app\e2e\tests\reconciliation-flow.spec.js:22:24

    attachment #1: screenshot (image/png) ──────────────────────────────────────────────────────────
    ..\..\test-results\reconciliation-flow-Reconc-85607-gate-to-reconciliation-page-Mobile-Safari\test-failed-1.png
    ────────────────────────────────────────────────────────────────────────────────────────────────

    attachment #2: video (video/webm) ──────────────────────────────────────────────────────────────
    ..\..\test-results\reconciliation-flow-Reconc-85607-gate-to-reconciliation-page-Mobile-Safari\video.webm
    ────────────────────────────────────────────────────────────────────────────────────────────────

    Error Context: ..\..\test-results\reconciliation-flow-Reconc-85607-gate-to-reconciliation-page-Mobile-Safari\error-context.md
]]>
</failure>
<system-out>
<![CDATA[
[[ATTACHMENT|..\..\test-results\reconciliation-flow-Reconc-85607-gate-to-reconciliation-page-Mobile-Safari\test-failed-1.png]]

[[ATTACHMENT|..\..\test-results\reconciliation-flow-Reconc-85607-gate-to-reconciliation-page-Mobile-Safari\video.webm]]

[[ATTACHMENT|..\..\test-results\reconciliation-flow-Reconc-85607-gate-to-reconciliation-page-Mobile-Safari\error-context.md]]
]]>
</system-out>
</testcase>
<testcase name="Reconciliation Flow › should display file upload interface" classname="reconciliation-flow.spec.js" time="11.741">
<failure message="reconciliation-flow.spec.js:26:3 should display file upload interface" type="FAILURE">
<![CDATA[  [Mobile Safari] › reconciliation-flow.spec.js:26:3 › Reconciliation Flow › should display file upload interface 

    Error: Timed out 10000ms waiting for expect(locator).toBeVisible()

    Locator: locator('[data-testid="file-upload-area"]')
    Expected: visible
    Received: <element(s) not found>
    Call log:
      - Expect "toBeVisible" with timeout 10000ms
      - waiting for locator('[data-testid="file-upload-area"]')


      28 |     
      29 |     // Verify upload interface is visible
    > 30 |     await expect(page.locator('[data-testid="file-upload-area"]')).toBeVisible();
         |                                                                    ^
      31 |     await expect(page.locator('[data-testid="upload-button"]')).toBeVisible();
      32 |     await expect(page.locator('[data-testid="supported-formats"]')).toBeVisible();
      33 |   });
        at D:\MainBranch\frontend-app\e2e\tests\reconciliation-flow.spec.js:30:68

    attachment #1: screenshot (image/png) ──────────────────────────────────────────────────────────
    ..\..\test-results\reconciliation-flow-Reconc-6a67a-splay-file-upload-interface-Mobile-Safari\test-failed-1.png
    ────────────────────────────────────────────────────────────────────────────────────────────────

    attachment #2: video (video/webm) ──────────────────────────────────────────────────────────────
    ..\..\test-results\reconciliation-flow-Reconc-6a67a-splay-file-upload-interface-Mobile-Safari\video.webm
    ────────────────────────────────────────────────────────────────────────────────────────────────

    Error Context: ..\..\test-results\reconciliation-flow-Reconc-6a67a-splay-file-upload-interface-Mobile-Safari\error-context.md
]]>
</failure>
<system-out>
<![CDATA[
[[ATTACHMENT|..\..\test-results\reconciliation-flow-Reconc-6a67a-splay-file-upload-interface-Mobile-Safari\test-failed-1.png]]

[[ATTACHMENT|..\..\test-results\reconciliation-flow-Reconc-6a67a-splay-file-upload-interface-Mobile-Safari\video.webm]]

[[ATTACHMENT|..\..\test-results\reconciliation-flow-Reconc-6a67a-splay-file-upload-interface-Mobile-Safari\error-context.md]]
]]>
</system-out>
</testcase>
<testcase name="Reconciliation Flow › should upload CSV file successfully" classname="reconciliation-flow.spec.js" time="30.149">
<failure message="reconciliation-flow.spec.js:35:3 should upload CSV file successfully" type="FAILURE">
<![CDATA[  [Mobile Safari] › reconciliation-flow.spec.js:35:3 › Reconciliation Flow › should upload CSV file successfully 

    Test timeout of 30000ms exceeded.

    Error: page.setInputFiles: Test timeout of 30000ms exceeded.
    Call log:
      - waiting for locator('[data-testid="file-input"]')


      38 |     // Upload test CSV file
      39 |     const filePath = path.join(__dirname, '../fixtures/sample-transactions.csv');
    > 40 |     await page.setInputFiles('[data-testid="file-input"]', filePath);
         |     ^
      41 |     
      42 |     // Verify file is selected
      43 |     await expect(page.locator('[data-testid="file-name"]')).toContainText('sample-transactions.csv');
        at D:\MainBranch\frontend-app\e2e\tests\reconciliation-flow.spec.js:40:5

    attachment #1: screenshot (image/png) ──────────────────────────────────────────────────────────
    ..\..\test-results\reconciliation-flow-Reconc-3f1d5-pload-CSV-file-successfully-Mobile-Safari\test-failed-1.png
    ────────────────────────────────────────────────────────────────────────────────────────────────

    attachment #2: video (video/webm) ──────────────────────────────────────────────────────────────
    ..\..\test-results\reconciliation-flow-Reconc-3f1d5-pload-CSV-file-successfully-Mobile-Safari\video.webm
    ────────────────────────────────────────────────────────────────────────────────────────────────

    Error Context: ..\..\test-results\reconciliation-flow-Reconc-3f1d5-pload-CSV-file-successfully-Mobile-Safari\error-context.md
]]>
</failure>
<system-out>
<![CDATA[
[[ATTACHMENT|..\..\test-results\reconciliation-flow-Reconc-3f1d5-pload-CSV-file-successfully-Mobile-Safari\test-failed-1.png]]

[[ATTACHMENT|..\..\test-results\reconciliation-flow-Reconc-3f1d5-pload-CSV-file-successfully-Mobile-Safari\video.webm]]

[[ATTACHMENT|..\..\test-results\reconciliation-flow-Reconc-3f1d5-pload-CSV-file-successfully-Mobile-Safari\error-context.md]]
]]>
</system-out>
</testcase>
<testcase name="Reconciliation Flow › should process uploaded file and show progress" classname="reconciliation-flow.spec.js" time="30.194">
<failure message="reconciliation-flow.spec.js:46:3 should process uploaded file and show progress" type="FAILURE">
<![CDATA[  [Mobile Safari] › reconciliation-flow.spec.js:46:3 › Reconciliation Flow › should process uploaded file and show progress 

    Test timeout of 30000ms exceeded.

    Error: page.setInputFiles: Test timeout of 30000ms exceeded.
    Call log:
      - waiting for locator('[data-testid="file-input"]')


      49 |     // Upload file
      50 |     const filePath = path.join(__dirname, '../fixtures/sample-transactions.csv');
    > 51 |     await page.setInputFiles('[data-testid="file-input"]', filePath);
         |     ^
      52 |     
      53 |     // Click process button
      54 |     await page.click('[data-testid="process-button"]');
        at D:\MainBranch\frontend-app\e2e\tests\reconciliation-flow.spec.js:51:5

    attachment #1: screenshot (image/png) ──────────────────────────────────────────────────────────
    ..\..\test-results\reconciliation-flow-Reconc-f8341-aded-file-and-show-progress-Mobile-Safari\test-failed-1.png
    ────────────────────────────────────────────────────────────────────────────────────────────────

    attachment #2: video (video/webm) ──────────────────────────────────────────────────────────────
    ..\..\test-results\reconciliation-flow-Reconc-f8341-aded-file-and-show-progress-Mobile-Safari\video.webm
    ────────────────────────────────────────────────────────────────────────────────────────────────

    Error Context: ..\..\test-results\reconciliation-flow-Reconc-f8341-aded-file-and-show-progress-Mobile-Safari\error-context.md
]]>
</failure>
<system-out>
<![CDATA[
[[ATTACHMENT|..\..\test-results\reconciliation-flow-Reconc-f8341-aded-file-and-show-progress-Mobile-Safari\test-failed-1.png]]

[[ATTACHMENT|..\..\test-results\reconciliation-flow-Reconc-f8341-aded-file-and-show-progress-Mobile-Safari\video.webm]]

[[ATTACHMENT|..\..\test-results\reconciliation-flow-Reconc-f8341-aded-file-and-show-progress-Mobile-Safari\error-context.md]]
]]>
</system-out>
</testcase>
<testcase name="Reconciliation Flow › should display reconciliation results" classname="reconciliation-flow.spec.js" time="11.707">
<failure message="reconciliation-flow.spec.js:63:3 should display reconciliation results" type="FAILURE">
<![CDATA[  [Mobile Safari] › reconciliation-flow.spec.js:63:3 › Reconciliation Flow › should display reconciliation results 

    Error: Timed out 10000ms waiting for expect(locator).toBeVisible()

    Locator: locator('[data-testid="results-summary"]')
    Expected: visible
    Received: <element(s) not found>
    Call log:
      - Expect "toBeVisible" with timeout 10000ms
      - waiting for locator('[data-testid="results-summary"]')


      68 |     
      69 |     // Verify results are displayed
    > 70 |     await expect(page.locator('[data-testid="results-summary"]')).toBeVisible();
         |                                                                   ^
      71 |     await expect(page.locator('[data-testid="matched-transactions"]')).toBeVisible();
      72 |     await expect(page.locator('[data-testid="unmatched-transactions"]')).toBeVisible();
      73 |     await expect(page.locator('[data-testid="accuracy-score"]')).toBeVisible();
        at D:\MainBranch\frontend-app\e2e\tests\reconciliation-flow.spec.js:70:67

    attachment #1: screenshot (image/png) ──────────────────────────────────────────────────────────
    ..\..\test-results\reconciliation-flow-Reconc-5a267-play-reconciliation-results-Mobile-Safari\test-failed-1.png
    ────────────────────────────────────────────────────────────────────────────────────────────────

    attachment #2: video (video/webm) ──────────────────────────────────────────────────────────────
    ..\..\test-results\reconciliation-flow-Reconc-5a267-play-reconciliation-results-Mobile-Safari\video.webm
    ────────────────────────────────────────────────────────────────────────────────────────────────

    Error Context: ..\..\test-results\reconciliation-flow-Reconc-5a267-play-reconciliation-results-Mobile-Safari\error-context.md
]]>
</failure>
<system-out>
<![CDATA[
[[ATTACHMENT|..\..\test-results\reconciliation-flow-Reconc-5a267-play-reconciliation-results-Mobile-Safari\test-failed-1.png]]

[[ATTACHMENT|..\..\test-results\reconciliation-flow-Reconc-5a267-play-reconciliation-results-Mobile-Safari\video.webm]]

[[ATTACHMENT|..\..\test-results\reconciliation-flow-Reconc-5a267-play-reconciliation-results-Mobile-Safari\error-context.md]]
]]>
</system-out>
</testcase>
<testcase name="Reconciliation Flow › should allow manual review of unmatched transactions" classname="reconciliation-flow.spec.js" time="30.148">
<failure message="reconciliation-flow.spec.js:76:3 should allow manual review of unmatched transactions" type="FAILURE">
<![CDATA[  [Mobile Safari] › reconciliation-flow.spec.js:76:3 › Reconciliation Flow › should allow manual review of unmatched transactions 

    Test timeout of 30000ms exceeded.

    Error: page.click: Test timeout of 30000ms exceeded.
    Call log:
      - waiting for locator('[data-testid="unmatched-transactions"]')


      78 |     
      79 |     // Click on unmatched transactions section
    > 80 |     await page.click('[data-testid="unmatched-transactions"]');
         |                ^
      81 |     
      82 |     // Verify manual review interface
      83 |     await expect(page.locator('[data-testid="manual-review"]')).toBeVisible();
        at D:\MainBranch\frontend-app\e2e\tests\reconciliation-flow.spec.js:80:16

    attachment #1: screenshot (image/png) ──────────────────────────────────────────────────────────
    ..\..\test-results\reconciliation-flow-Reconc-1ab3f-w-of-unmatched-transactions-Mobile-Safari\test-failed-1.png
    ────────────────────────────────────────────────────────────────────────────────────────────────

    attachment #2: video (video/webm) ──────────────────────────────────────────────────────────────
    ..\..\test-results\reconciliation-flow-Reconc-1ab3f-w-of-unmatched-transactions-Mobile-Safari\video.webm
    ────────────────────────────────────────────────────────────────────────────────────────────────

    Error Context: ..\..\test-results\reconciliation-flow-Reconc-1ab3f-w-of-unmatched-transactions-Mobile-Safari\error-context.md
]]>
</failure>
<system-out>
<![CDATA[
[[ATTACHMENT|..\..\test-results\reconciliation-flow-Reconc-1ab3f-w-of-unmatched-transactions-Mobile-Safari\test-failed-1.png]]

[[ATTACHMENT|..\..\test-results\reconciliation-flow-Reconc-1ab3f-w-of-unmatched-transactions-Mobile-Safari\video.webm]]

[[ATTACHMENT|..\..\test-results\reconciliation-flow-Reconc-1ab3f-w-of-unmatched-transactions-Mobile-Safari\error-context.md]]
]]>
</system-out>
</testcase>
<testcase name="Reconciliation Flow › should export results successfully" classname="reconciliation-flow.spec.js" time="30.144">
<failure message="reconciliation-flow.spec.js:87:3 should export results successfully" type="FAILURE">
<![CDATA[  [Mobile Safari] › reconciliation-flow.spec.js:87:3 › Reconciliation Flow › should export results successfully 

    Test timeout of 30000ms exceeded.

    Error: page.click: Test timeout of 30000ms exceeded.
    Call log:
      - waiting for locator('[data-testid="export-button"]')


      89 |     
      90 |     // Click export button
    > 91 |     await page.click('[data-testid="export-button"]');
         |                ^
      92 |     
      93 |     // Verify download dialog or success message
      94 |     await expect(page.locator('[data-testid="export-success"]')).toBeVisible();
        at D:\MainBranch\frontend-app\e2e\tests\reconciliation-flow.spec.js:91:16

    attachment #1: screenshot (image/png) ──────────────────────────────────────────────────────────
    ..\..\test-results\reconciliation-flow-Reconc-8b966-export-results-successfully-Mobile-Safari\test-failed-1.png
    ────────────────────────────────────────────────────────────────────────────────────────────────

    attachment #2: video (video/webm) ──────────────────────────────────────────────────────────────
    ..\..\test-results\reconciliation-flow-Reconc-8b966-export-results-successfully-Mobile-Safari\video.webm
    ────────────────────────────────────────────────────────────────────────────────────────────────

    Error Context: ..\..\test-results\reconciliation-flow-Reconc-8b966-export-results-successfully-Mobile-Safari\error-context.md
]]>
</failure>
<system-out>
<![CDATA[
[[ATTACHMENT|..\..\test-results\reconciliation-flow-Reconc-8b966-export-results-successfully-Mobile-Safari\test-failed-1.png]]

[[ATTACHMENT|..\..\test-results\reconciliation-flow-Reconc-8b966-export-results-successfully-Mobile-Safari\video.webm]]

[[ATTACHMENT|..\..\test-results\reconciliation-flow-Reconc-8b966-export-results-successfully-Mobile-Safari\error-context.md]]
]]>
</system-out>
</testcase>
<testcase name="Reconciliation Flow › should show error for invalid file format" classname="reconciliation-flow.spec.js" time="30.203">
<failure message="reconciliation-flow.spec.js:97:3 should show error for invalid file format" type="FAILURE">
<![CDATA[  [Mobile Safari] › reconciliation-flow.spec.js:97:3 › Reconciliation Flow › should show error for invalid file format 

    Test timeout of 30000ms exceeded.

    Error: page.setInputFiles: Test timeout of 30000ms exceeded.
    Call log:
      - waiting for locator('[data-testid="file-input"]')


      100 |     // Upload invalid file
      101 |     const filePath = path.join(__dirname, '../fixtures/invalid-file.txt');
    > 102 |     await page.setInputFiles('[data-testid="file-input"]', filePath);
          |     ^
      103 |     
      104 |     // Verify error message
      105 |     await expect(page.locator('[data-testid="file-error"]')).toBeVisible();
        at D:\MainBranch\frontend-app\e2e\tests\reconciliation-flow.spec.js:102:5

    attachment #1: screenshot (image/png) ──────────────────────────────────────────────────────────
    ..\..\test-results\reconciliation-flow-Reconc-d5e46-ror-for-invalid-file-format-Mobile-Safari\test-failed-1.png
    ────────────────────────────────────────────────────────────────────────────────────────────────

    attachment #2: video (video/webm) ──────────────────────────────────────────────────────────────
    ..\..\test-results\reconciliation-flow-Reconc-d5e46-ror-for-invalid-file-format-Mobile-Safari\video.webm
    ────────────────────────────────────────────────────────────────────────────────────────────────

    Error Context: ..\..\test-results\reconciliation-flow-Reconc-d5e46-ror-for-invalid-file-format-Mobile-Safari\error-context.md
]]>
</failure>
<system-out>
<![CDATA[
[[ATTACHMENT|..\..\test-results\reconciliation-flow-Reconc-d5e46-ror-for-invalid-file-format-Mobile-Safari\test-failed-1.png]]

[[ATTACHMENT|..\..\test-results\reconciliation-flow-Reconc-d5e46-ror-for-invalid-file-format-Mobile-Safari\video.webm]]

[[ATTACHMENT|..\..\test-results\reconciliation-flow-Reconc-d5e46-ror-for-invalid-file-format-Mobile-Safari\error-context.md]]
]]>
</system-out>
</testcase>
</testsuite>
</testsuites>